<?xml version="1.0" encoding="UTF-8"?>
<testng-results skipped="0" failed="0" total="1" passed="1">
  <reporter-output>
  </reporter-output>
  <suite name="Suite" duration-ms="50972" started-at="2019-03-17T12:14:18Z" finished-at="2019-03-17T12:15:09Z">
    <groups>
    </groups>
    <test name="Test" duration-ms="50972" started-at="2019-03-17T12:14:18Z" finished-at="2019-03-17T12:15:09Z">
      <class name="testbaidu.NewTest">
        <test-method status="PASS" signature="f()[pri:0, instance:testbaidu.NewTest@490d6c15]" name="f" duration-ms="50719" started-at="2019-03-17T20:14:18Z" finished-at="2019-03-17T20:15:09Z">
          <reporter-output>
          </reporter-output>
        </test-method> <!-- f -->
      </class> <!-- testbaidu.NewTest -->
    </test> <!-- Test -->
  </suite> <!-- Suite -->
</testng-results>
